ERROR 2024/09/24 18:47:35 utilities.go:29: Setup failed: could not insert user
ERROR 2024/09/24 18:47:35 utilities.go:29: Setup complete successfully
ERROR 2024/09/24 19:02:47 utilities.go:29: Setup failed: could not insert user
ERROR 2024/09/24 19:02:47 utilities.go:29: Setup complete successfully
ERROR 2024/09/24 19:05:32 utilities.go:29: Setup failed: could not insert user
ERROR 2024/09/24 19:05:32 utilities.go:29: Setup complete successfully
ERROR 2024/09/24 19:09:36 utilities.go:29: Setup failed: could not insert user - pq: value too long for type character varying(35)
ERROR 2024/09/24 19:14:30 utilities.go:29: Setup complete successfully
ERROR 2024/09/24 19:14:42 utilities.go:29: Invalid username or password
ERROR 2024/09/24 19:18:02 utilities.go:29: Invalid username or password -pq: syntax error at or near "="
ERROR 2024/09/24 19:19:22 utilities.go:29: Invalid username or password -pq: column "password" does not exist
ERROR 2024/09/24 19:20:37 utilities.go:29: Invalid username or password -sql: no rows in result set
ERROR 2024/09/24 19:27:54 utilities.go:29: Invalid username or password -sql: no rows in result set
ERROR 2024/09/24 19:28:57 utilities.go:29: Invalid username or password -sql: no rows in result set
INFO 2024/09/24 19:31:25 utilities.go:24: Login successful
INFO 2024/10/01 09:01:46 utilities.go:24: Login successful
INFO 2024/10/01 09:14:23 utilities.go:24: Login successful
INFO 2024/10/01 09:35:27 utilities.go:24: Login successful
INFO 2024/10/01 11:17:12 utilities.go:24: Login successful
INFO 2024/10/01 11:22:34 utilities.go:24: Login successful
INFO 2024/10/01 12:31:08 utilities.go:24: Login successful
INFO 2024/10/04 12:59:52 utilities.go:24: Login successful
INFO 2024/10/04 13:20:20 utilities.go:24: Login successful
INFO 2024/10/06 09:43:38 utilities.go:28: Login successful
INFO 2024/10/06 11:02:06 utilities.go:28: Login successful
INFO 2024/10/08 13:27:05 utilities.go:28: Login successful
INFO 2024/10/11 10:57:19 utilities.go:28: Login successful
INFO 2024/10/11 11:26:34 utilities.go:28: Login successful
INFO 2024/10/11 11:33:57 utilities.go:28: Login successful
INFO 2024/10/11 11:35:45 utilities.go:28: Login successful
INFO 2024/10/11 11:37:14 utilities.go:28: Login successful
INFO 2024/10/11 11:45:40 utilities.go:28: Login successful
INFO 2024/10/11 16:22:37 utilities.go:28: Login successful
INFO 2024/10/15 16:39:35 utilities.go:28: Login successful
INFO 2024/10/15 19:09:12 utilities.go:28: Login successful
INFO 2024/10/15 19:12:17 utilities.go:28: Login successful
INFO 2024/10/15 19:13:38 utilities.go:28: Login successful
INFO 2024/10/15 19:19:14 utilities.go:28: Login successful
INFO 2024/10/15 19:32:01 utilities.go:28: Login successful
INFO 2024/10/15 19:33:20 utilities.go:28: Login successful
INFO 2024/10/15 19:33:56 utilities.go:28: Login successful
INFO 2024/10/15 19:35:59 utilities.go:28: Login successful
INFO 2024/10/15 19:45:42 utilities.go:28: Login successful
INFO 2024/10/15 19:47:06 utilities.go:28: Login successful
INFO 2024/10/15 19:49:26 utilities.go:28: Login successful
INFO 2024/10/15 19:50:33 utilities.go:28: Login successful
INFO 2024/10/15 19:54:49 utilities.go:28: Login successful
INFO 2024/10/15 19:58:12 utilities.go:28: Login successful
INFO 2024/10/15 19:58:52 utilities.go:28: Login successful
INFO 2024/10/15 20:01:12 utilities.go:28: Login successful
INFO 2024/10/15 20:05:28 utilities.go:28: Login successful
INFO 2024/10/15 20:15:28 utilities.go:28: Login successful
INFO 2024/10/15 20:19:45 utilities.go:28: Login successful
INFO 2024/10/16 09:10:55 utilities.go:28: Login successful
INFO 2024/10/16 09:59:11 utilities.go:28: Login successful
INFO 2024/10/16 11:03:07 utilities.go:28: Login successful
INFO 2024/10/17 13:19:29 utilities.go:28: Login successful
INFO 2024/10/17 14:31:32 utilities.go:28: Login successful
INFO 2024/10/17 14:34:43 utilities.go:28: Login successful
INFO 2024/10/17 14:42:28 utilities.go:28: Login successful
INFO 2024/10/17 14:49:20 utilities.go:28: Login successful
INFO 2024/10/17 15:13:11 utilities.go:28: Login successful
INFO 2024/10/17 15:23:12 utilities.go:28: Login successful
INFO 2024/10/17 15:26:47 utilities.go:28: Login successful
INFO 2024/10/17 15:27:41 utilities.go:28: Login successful
INFO 2024/10/17 15:30:08 utilities.go:28: Login successful
INFO 2024/10/17 15:52:51 utilities.go:28: Login successful
INFO 2024/10/17 15:54:48 utilities.go:28: Login successful
INFO 2024/10/17 16:57:31 utilities.go:28: Login successful
INFO 2024/10/17 17:09:18 utilities.go:28: Login successful
INFO 2024/10/17 17:17:44 utilities.go:28: Login successful
INFO 2024/10/17 17:22:58 utilities.go:28: Login successful
INFO 2024/10/17 17:24:38 utilities.go:28: Login successful
INFO 2024/10/17 17:40:16 utilities.go:28: Login successful
INFO 2024/10/17 17:43:40 utilities.go:28: Login successful
INFO 2024/10/17 17:46:28 utilities.go:28: Login successful
INFO 2024/10/17 17:47:20 utilities.go:28: Login successful
INFO 2024/10/17 17:48:22 utilities.go:28: Login successful
INFO 2024/10/17 17:50:17 utilities.go:28: Login successful
INFO 2024/10/17 17:52:42 utilities.go:28: Login successful
INFO 2024/10/17 17:59:31 utilities.go:28: Login successful
INFO 2024/10/17 18:01:36 utilities.go:28: Login successful
INFO 2024/10/17 18:10:32 utilities.go:28: Login successful
INFO 2024/10/18 12:42:38 utilities.go:28: Login successful
INFO 2024/10/20 08:54:00 utilities.go:28: Login successful
INFO 2024/10/20 09:01:57 utilities.go:28: Login successful
INFO 2024/10/20 09:13:05 utilities.go:28: Login successful
INFO 2024/10/20 09:20:45 utilities.go:28: Login successful
INFO 2024/10/20 09:24:52 utilities.go:28: Login successful
INFO 2024/10/20 09:33:07 utilities.go:28: Login successful
INFO 2024/10/20 09:37:34 utilities.go:28: Login successful
INFO 2024/10/20 09:39:04 utilities.go:28: Login successful
INFO 2024/10/20 10:12:25 utilities.go:28: Login successful
INFO 2024/10/20 10:15:23 utilities.go:28: Login successful
INFO 2024/10/20 10:18:19 utilities.go:28: Login successful
INFO 2024/10/20 10:35:39 utilities.go:28: Login successful
INFO 2024/10/20 10:46:05 utilities.go:28: Login successful
INFO 2024/10/20 10:48:41 utilities.go:28: Login successful
INFO 2024/10/20 11:23:39 utilities.go:28: Login successful
INFO 2024/10/20 11:41:13 utilities.go:28: Login successful
INFO 2024/10/20 11:51:26 utilities.go:28: Login successful
INFO 2024/10/20 11:52:06 utilities.go:28: Login successful
INFO 2024/10/20 12:12:54 utilities.go:28: Login successful
INFO 2024/10/20 12:13:47 utilities.go:28: Login successful
INFO 2024/10/20 12:54:01 utilities.go:28: Login successful
INFO 2024/10/20 13:13:56 utilities.go:28: Login successful
INFO 2024/10/20 13:20:18 utilities.go:28: Login successful
INFO 2024/10/20 13:20:58 utilities.go:28: Login successful
INFO 2024/10/20 15:35:49 utilities.go:28: Login successful
INFO 2024/10/20 15:45:20 utilities.go:28: Login successful
INFO 2024/10/20 15:48:58 utilities.go:28: Login successful
INFO 2024/10/20 17:32:17 utilities.go:28: Login successful
INFO 2024/10/20 17:35:41 utilities.go:28: Login successful
INFO 2024/10/20 17:46:45 utilities.go:28: Login successful
INFO 2024/10/20 17:51:09 utilities.go:28: Login successful
INFO 2024/10/20 18:57:27 utilities.go:28: Login successful
INFO 2024/10/20 19:05:43 utilities.go:28: Login successful
INFO 2024/10/20 19:43:21 utilities.go:28: Login successful
INFO 2024/10/20 19:47:14 utilities.go:28: Login successful
INFO 2024/10/20 19:59:19 utilities.go:28: Login successful
INFO 2024/10/20 20:16:58 utilities.go:28: Login successful
INFO 2024/10/20 20:22:23 utilities.go:28: Login successful
INFO 2024/10/20 20:34:10 utilities.go:28: Login successful
INFO 2024/10/20 20:35:09 utilities.go:28: Login successful
INFO 2024/10/20 20:36:24 utilities.go:28: Login successful
INFO 2024/10/20 20:43:11 utilities.go:28: Login successful
INFO 2024/10/20 20:47:12 utilities.go:28: Login successful
INFO 2024/10/20 20:49:24 utilities.go:28: Login successful
INFO 2024/10/20 20:55:47 utilities.go:28: Login successful
INFO 2024/10/20 20:56:30 utilities.go:28: Login successful
INFO 2024/10/20 21:03:21 utilities.go:28: Login successful
INFO 2024/10/20 21:04:28 utilities.go:28: Login successful
INFO 2024/10/20 21:26:25 utilities.go:28: Login successful
INFO 2024/10/20 21:27:29 utilities.go:28: Login successful
INFO 2024/10/20 21:31:02 utilities.go:28: Login successful
INFO 2024/10/20 21:41:30 utilities.go:28: Login successful
INFO 2024/10/20 21:49:35 utilities.go:28: Login successful
INFO 2024/10/20 21:51:09 utilities.go:28: Login successful
INFO 2024/10/20 21:52:09 utilities.go:28: Login successful
INFO 2024/10/21 09:00:06 utilities.go:28: Login successful
INFO 2024/10/21 09:01:59 utilities.go:28: Login successful
INFO 2024/10/21 10:40:14 utilities.go:28: Login successful
INFO 2024/10/21 10:42:31 utilities.go:28: Login successful
INFO 2024/10/21 10:48:16 utilities.go:28: Login successful
INFO 2024/10/21 10:58:49 utilities.go:28: Login successful
INFO 2024/10/21 10:59:34 utilities.go:28: Login successful
INFO 2024/10/21 11:03:29 utilities.go:28: Login successful
INFO 2024/10/21 11:04:05 utilities.go:28: Login successful
INFO 2024/10/21 11:14:16 utilities.go:28: Login successful
INFO 2024/10/21 11:16:16 utilities.go:28: Login successful
INFO 2024/10/21 11:43:40 utilities.go:28: Login successful
INFO 2024/10/21 11:48:07 utilities.go:28: Login successful
INFO 2024/10/21 11:54:52 utilities.go:28: Login successful
INFO 2024/10/21 11:56:20 utilities.go:28: Login successful
INFO 2024/10/21 11:57:41 utilities.go:28: Login successful
INFO 2024/10/21 12:07:59 utilities.go:28: Login successful
INFO 2024/10/21 12:11:00 utilities.go:28: Login successful
INFO 2024/10/21 12:23:58 utilities.go:28: Login successful
INFO 2024/10/21 12:47:06 utilities.go:28: Login successful
INFO 2024/10/21 12:48:22 utilities.go:28: Login successful
INFO 2024/10/21 12:49:57 utilities.go:28: Login successful
INFO 2024/10/21 13:09:12 utilities.go:28: Login successful
INFO 2024/10/21 13:10:46 utilities.go:28: Login successful
INFO 2024/10/21 13:11:18 utilities.go:28: Login successful
INFO 2024/10/21 13:13:24 utilities.go:28: Login successful
INFO 2024/10/21 13:16:22 utilities.go:28: Login successful
INFO 2024/10/21 13:18:25 utilities.go:28: Login successful
INFO 2024/10/21 13:21:12 utilities.go:28: Login successful
INFO 2024/10/21 13:22:41 utilities.go:28: Login successful
INFO 2024/10/21 13:23:08 utilities.go:28: Login successful
INFO 2024/10/21 13:27:20 utilities.go:28: Login successful
INFO 2024/10/21 13:32:58 utilities.go:28: Login successful
INFO 2024/10/21 13:45:00 utilities.go:28: Login successful
INFO 2024/10/21 13:45:38 utilities.go:28: Login successful
INFO 2024/10/21 13:53:47 utilities.go:28: Login successful
INFO 2024/10/21 14:16:30 utilities.go:28: Login successful
INFO 2024/10/21 14:42:36 utilities.go:28: Login successful
INFO 2024/10/21 14:49:40 utilities.go:28: Login successful
INFO 2024/10/21 14:51:34 utilities.go:28: Login successful
INFO 2024/10/21 14:55:45 utilities.go:28: Login successful
INFO 2024/10/21 15:20:16 utilities.go:28: Login successful
INFO 2024/10/21 15:22:10 utilities.go:28: Login successful
INFO 2024/10/21 15:22:39 utilities.go:28: Login successful
INFO 2024/10/21 15:26:40 utilities.go:28: Login successful
ERROR 2024/10/21 15:34:14 utilities.go:33: Invalid username or password -sql: no rows in result set
INFO 2024/10/21 15:34:32 utilities.go:28: Login successful
ERROR 2024/10/21 15:34:48 utilities.go:33: Invalid username or password -sql: no rows in result set
ERROR 2024/10/21 15:35:27 utilities.go:33: Invalid username or password -sql: no rows in result set
INFO 2024/10/21 15:35:44 utilities.go:28: Login successful
INFO 2024/10/21 15:59:08 utilities.go:28: Login successful
INFO 2024/10/21 16:48:25 utilities.go:28: Login successful
INFO 2024/10/21 16:57:55 utilities.go:28: Login successful
INFO 2024/10/21 17:17:13 utilities.go:28: Login successful
INFO 2024/10/21 17:18:32 utilities.go:28: Login successful
INFO 2024/10/21 17:25:47 utilities.go:28: Login successful
INFO 2024/10/21 17:30:21 utilities.go:28: Login successful
INFO 2024/10/21 17:34:52 utilities.go:28: Login successful
INFO 2024/10/21 17:35:36 utilities.go:28: Login successful
INFO 2024/10/21 17:37:57 utilities.go:28: Login successful
INFO 2024/10/21 17:42:46 utilities.go:28: Login successful
INFO 2024/10/21 17:47:03 utilities.go:28: Login successful
INFO 2024/10/21 17:48:03 utilities.go:28: Login successful
INFO 2024/10/21 18:02:37 utilities.go:28: Login successful
INFO 2024/10/21 18:15:06 utilities.go:28: Login successful
INFO 2024/10/21 18:22:30 utilities.go:28: Login successful
INFO 2024/10/21 18:25:03 utilities.go:28: Login successful
INFO 2024/10/22 09:15:57 utilities.go:28: Login successful
INFO 2024/10/22 09:16:24 utilities.go:28: Logout successful
INFO 2024/10/22 09:20:29 utilities.go:28: Login successful
INFO 2024/10/22 13:18:49 utilities.go:28: Login successful
INFO 2024/10/22 13:41:36 utilities.go:28: Login successful
INFO 2024/10/22 14:01:14 utilities.go:28: Login successful
INFO 2024/10/22 15:58:09 utilities.go:28: Login successful
INFO 2024/10/22 16:41:44 utilities.go:28: Login successful
INFO 2024/10/22 17:36:29 utilities.go:28: Login successful
INFO 2024/10/22 17:51:26 utilities.go:28: Login successful
INFO 2024/10/23 07:41:45 utilities.go:28: Login successful
INFO 2024/10/23 08:04:27 utilities.go:28: Login successful
INFO 2024/10/23 08:04:59 utilities.go:28: Logout successful
INFO 2024/10/23 08:05:03 utilities.go:28: Login successful
INFO 2024/10/23 18:23:05 utilities.go:28: Login successful
INFO 2024/10/24 09:33:45 utilities.go:28: Login successful
INFO 2024/10/28 09:38:46 utilities.go:28: Login successful
INFO 2024/10/28 09:46:22 utilities.go:28: Login successful
INFO 2024/10/28 09:49:19 utilities.go:28: Login successful
INFO 2024/10/28 10:09:15 utilities.go:28: Login successful
INFO 2024/10/28 10:29:40 utilities.go:28: Login successful
INFO 2024/10/28 10:33:09 utilities.go:28: Login successful
INFO 2024/10/28 10:37:50 utilities.go:28: Login successful
INFO 2024/10/28 10:42:02 utilities.go:28: Login successful
INFO 2024/10/28 13:06:21 utilities.go:28: Login successful
INFO 2024/10/28 13:49:35 utilities.go:28: Login successful
INFO 2024/10/28 14:09:35 utilities.go:28: Login successful
INFO 2024/10/28 14:11:36 utilities.go:28: Login successful
INFO 2024/10/28 14:13:09 utilities.go:28: Login successful
INFO 2024/10/28 14:17:09 utilities.go:28: Login successful
INFO 2024/10/28 14:23:52 utilities.go:28: Login successful
INFO 2024/10/28 14:29:58 utilities.go:28: Login successful
INFO 2024/10/28 14:39:55 utilities.go:28: Login successful
INFO 2024/10/28 14:44:04 utilities.go:28: Login successful
INFO 2024/10/28 15:27:17 utilities.go:28: Login successful
INFO 2024/10/28 15:50:45 utilities.go:28: Login successful
INFO 2024/10/28 16:25:24 utilities.go:28: Login successful
INFO 2024/10/28 16:38:33 utilities.go:28: Login successful
INFO 2024/10/28 16:45:56 utilities.go:28: Login successful
INFO 2024/10/28 16:55:38 utilities.go:28: Login successful
INFO 2024/10/28 17:04:02 utilities.go:28: Login successful
INFO 2024/10/28 17:18:56 utilities.go:28: Login successful
INFO 2024/10/28 17:45:33 utilities.go:28: Login successful
INFO 2024/10/28 17:53:44 utilities.go:28: Login successful
INFO 2024/10/28 18:04:25 utilities.go:28: Login successful
INFO 2024/10/28 18:53:30 utilities.go:28: Login successful
INFO 2024/10/28 18:58:26 utilities.go:28: Logout successful
INFO 2024/10/29 09:11:20 utilities.go:28: Login successful
INFO 2024/10/29 09:47:19 utilities.go:28: Login successful
INFO 2024/10/29 09:49:55 utilities.go:28: Login successful
INFO 2024/10/29 09:52:50 utilities.go:28: Login successful
INFO 2024/10/29 10:04:50 utilities.go:28: Login successful
INFO 2024/10/29 10:10:41 utilities.go:28: Login successful
INFO 2024/10/29 10:12:42 utilities.go:28: Login successful
INFO 2024/10/29 10:23:34 utilities.go:28: Login successful
INFO 2024/10/29 10:24:41 utilities.go:28: Login successful
INFO 2024/10/29 10:52:26 utilities.go:28: Login successful
INFO 2024/10/29 10:55:20 utilities.go:28: Login successful
ERROR 2024/10/29 12:17:39 utilities.go:33: Failed to retrieve facility ID - sql: no rows in result set
ERROR 2024/10/29 12:17:44 utilities.go:33: Failed to retrieve facility ID - sql: no rows in result set
ERROR 2024/10/29 12:30:45 utilities.go:33: Failed to retrieve facility ID - sql: no rows in result set
INFO 2024/10/29 12:45:13 utilities.go:28: Login successful
INFO 2024/10/29 13:41:25 utilities.go:28: Login successful
INFO 2024/10/29 13:44:37 utilities.go:28: Logout successful
INFO 2024/10/29 13:44:42 utilities.go:28: Login successful
ERROR 2024/10/29 14:16:54 utilities.go:33: Failed to retrieve facility ID - pq: syntax error at or near "facility"
ERROR 2024/10/29 14:17:00 utilities.go:33: Failed to retrieve facility ID - pq: syntax error at or near "facility"
INFO 2024/10/29 14:21:24 utilities.go:28: Login successful
INFO 2024/10/29 14:23:44 utilities.go:28: Login successful
INFO 2024/10/29 14:31:29 utilities.go:28: Login successful
INFO 2024/10/29 14:35:46 utilities.go:28: Login successful
INFO 2024/10/29 15:07:18 utilities.go:28: Logout successful
ERROR 2024/10/29 15:07:32 utilities.go:33: Invalid username or password -sql: no rows in result set
INFO 2024/10/29 15:08:26 utilities.go:28: Login successful
INFO 2024/10/29 15:26:19 utilities.go:28: Login successful
INFO 2024/10/29 15:26:39 utilities.go:28: Logout successful
INFO 2024/10/29 15:26:43 utilities.go:28: Login successful
ERROR 2024/10/29 15:35:18 utilities.go:33: Failed to retrieve facility ID and rights - sql: Scan error on column index 2, name "id": destination not a pointer
ERROR 2024/10/29 15:37:02 utilities.go:33: Failed to retrieve facility ID and rights - sql: Scan error on column index 2, name "id": destination not a pointer
ERROR 2024/10/29 15:37:07 utilities.go:33: Failed to retrieve facility ID and rights - sql: Scan error on column index 2, name "id": destination not a pointer
ERROR 2024/10/29 15:37:49 utilities.go:33: Failed to retrieve facility ID and rights - sql: expected 3 destination arguments in Scan, not 2
ERROR 2024/10/29 15:37:55 utilities.go:33: Failed to retrieve facility ID and rights - sql: expected 3 destination arguments in Scan, not 2
INFO 2024/10/29 15:38:52 utilities.go:28: Login successful
INFO 2024/10/29 17:20:29 utilities.go:28: Login successful
INFO 2024/10/29 19:14:31 utilities.go:28: Login successful
INFO 2024/10/29 19:15:28 utilities.go:28: Login successful
INFO 2024/10/29 19:17:41 utilities.go:28: Login successful
INFO 2024/10/29 19:36:55 utilities.go:28: Login successful
INFO 2024/10/29 19:38:06 utilities.go:28: Login successful
INFO 2024/10/29 19:56:05 utilities.go:28: Login successful
INFO 2024/10/29 20:00:33 utilities.go:28: Login successful
INFO 2024/10/29 20:05:22 utilities.go:28: Login successful
INFO 2024/10/29 20:22:50 utilities.go:28: Logout successful
INFO 2024/10/29 20:23:00 utilities.go:28: Login successful
INFO 2024/10/29 20:25:23 utilities.go:28: Login successful
INFO 2024/10/29 20:33:47 utilities.go:28: Login successful
INFO 2024/10/30 08:12:14 utilities.go:28: Login successful
INFO 2024/10/30 08:14:05 utilities.go:28: Login successful
INFO 2024/10/30 08:14:34 utilities.go:28: Login successful
INFO 2024/10/30 09:03:17 utilities.go:28: Login successful
INFO 2024/10/30 10:53:05 utilities.go:28: Login successful
INFO 2024/10/30 10:54:42 utilities.go:28: Login successful
INFO 2024/10/30 11:06:28 utilities.go:28: Login successful
INFO 2024/10/30 11:08:16 utilities.go:28: Login successful
INFO 2024/10/30 11:10:05 utilities.go:28: Login successful
INFO 2024/10/30 11:24:23 utilities.go:28: Login successful
INFO 2024/10/30 11:46:27 utilities.go:28: Login successful
INFO 2024/10/30 11:49:57 utilities.go:28: Login successful
INFO 2024/10/30 11:50:57 utilities.go:28: Login successful
INFO 2024/10/30 11:52:37 utilities.go:28: Login successful
INFO 2024/10/30 11:53:37 utilities.go:28: Login successful
INFO 2024/10/30 12:02:30 utilities.go:28: Login successful
INFO 2024/10/30 12:04:39 utilities.go:28: Login successful
INFO 2024/10/30 12:05:18 utilities.go:28: Login successful
INFO 2024/10/30 12:06:34 utilities.go:28: Login successful
INFO 2024/10/30 12:22:31 utilities.go:28: Login successful
INFO 2024/10/30 12:22:49 utilities.go:28: Login successful
INFO 2024/10/30 12:30:20 utilities.go:28: Login successful
INFO 2024/10/30 12:30:42 utilities.go:28: Logout successful
INFO 2024/10/30 12:30:45 utilities.go:28: Login successful
INFO 2024/10/30 12:34:52 utilities.go:28: Login successful
INFO 2024/10/30 12:36:26 utilities.go:28: Login successful
INFO 2024/10/30 12:38:42 utilities.go:28: Login successful
INFO 2024/10/30 12:41:38 utilities.go:28: Login successful
INFO 2024/10/30 12:45:20 utilities.go:28: Login successful
INFO 2024/10/30 12:53:17 utilities.go:28: Login successful
INFO 2024/10/30 12:53:32 utilities.go:28: Login successful
INFO 2024/10/30 12:54:28 utilities.go:28: Login successful
INFO 2024/10/30 12:58:21 utilities.go:28: Login successful
INFO 2024/10/30 13:01:51 utilities.go:28: Login successful
INFO 2024/10/30 13:03:36 utilities.go:28: Login successful
INFO 2024/10/30 13:08:20 utilities.go:28: Login successful
INFO 2024/10/30 13:09:55 utilities.go:28: Login successful
INFO 2024/10/30 13:12:10 utilities.go:28: Login successful
INFO 2024/10/30 13:13:41 utilities.go:28: Login successful
INFO 2024/10/30 13:15:11 utilities.go:28: Login successful
INFO 2024/10/30 13:52:55 utilities.go:28: Login successful
INFO 2024/10/30 14:13:49 utilities.go:28: Login successful
INFO 2024/10/30 14:18:02 utilities.go:28: Login successful
INFO 2024/10/30 15:53:35 utilities.go:28: Logout successful
INFO 2024/10/30 15:54:03 utilities.go:28: Login successful
INFO 2024/10/30 16:05:50 utilities.go:28: Login successful
INFO 2024/10/30 16:07:21 utilities.go:28: Login successful
INFO 2024/10/30 16:22:35 utilities.go:28: Login successful
INFO 2024/10/30 16:32:16 utilities.go:28: Login successful
INFO 2024/10/30 16:35:35 utilities.go:28: Login successful
INFO 2024/10/30 16:38:37 utilities.go:28: Login successful
INFO 2024/10/30 17:28:06 utilities.go:28: Login successful
INFO 2024/10/30 17:29:57 utilities.go:28: Login successful
INFO 2024/10/30 17:35:05 utilities.go:28: Login successful
INFO 2024/10/30 17:54:06 utilities.go:28: Login successful
INFO 2024/10/30 17:56:16 utilities.go:28: Login successful
INFO 2024/10/30 17:59:04 utilities.go:28: Login successful
INFO 2024/10/30 17:59:13 utilities.go:28: Logout successful
INFO 2024/10/30 18:03:10 utilities.go:28: Login successful
INFO 2024/10/30 18:03:22 utilities.go:28: Logout successful
INFO 2024/10/30 18:04:17 utilities.go:28: Login successful
INFO 2024/10/30 18:04:34 utilities.go:28: Logout successful
INFO 2024/10/30 18:05:04 utilities.go:28: Login successful
INFO 2024/10/30 18:10:54 utilities.go:28: Logout successful
INFO 2024/10/30 18:11:34 utilities.go:28: Login successful
INFO 2024/10/30 18:14:00 utilities.go:28: Logout successful
INFO 2024/10/30 18:20:04 utilities.go:28: Login successful
INFO 2024/10/30 18:20:23 utilities.go:28: Logout successful
INFO 2024/10/30 18:20:46 utilities.go:28: Login successful
INFO 2024/10/30 18:33:11 utilities.go:28: Login successful
INFO 2024/10/30 18:35:21 utilities.go:28: Login successful
INFO 2024/10/30 19:03:57 utilities.go:28: Login successful
INFO 2024/10/30 19:05:26 utilities.go:28: Login successful
INFO 2024/10/30 19:06:20 utilities.go:28: Login successful
INFO 2024/10/30 19:14:38 utilities.go:28: Login successful
INFO 2024/10/30 19:21:16 utilities.go:28: Login successful
INFO 2024/10/30 19:21:36 utilities.go:28: Logout successful
INFO 2024/10/30 19:21:50 utilities.go:28: Login successful
INFO 2024/10/30 19:32:13 utilities.go:28: Login successful
INFO 2024/10/30 19:33:35 utilities.go:28: Login successful
INFO 2024/10/30 19:34:46 utilities.go:28: Logout successful
INFO 2024/10/30 19:35:07 utilities.go:28: Login successful
INFO 2024/10/30 19:35:59 utilities.go:28: Logout successful
INFO 2024/10/30 19:36:10 utilities.go:28: Login successful
INFO 2024/10/30 19:54:14 utilities.go:28: Login successful
INFO 2024/10/30 19:55:43 utilities.go:28: Logout successful
INFO 2024/10/30 19:56:15 utilities.go:28: Login successful
INFO 2024/10/30 20:02:26 utilities.go:28: Logout successful
INFO 2024/10/30 20:02:42 utilities.go:28: Login successful
INFO 2024/10/30 20:30:48 utilities.go:28: Login successful
INFO 2024/10/30 20:40:33 utilities.go:28: Login successful
INFO 2024/10/30 20:46:12 utilities.go:28: Login successful
INFO 2024/10/30 21:00:55 utilities.go:28: Login successful
INFO 2024/10/30 21:02:37 utilities.go:28: Login successful
INFO 2024/10/31 08:07:28 utilities.go:28: Login successful
INFO 2024/10/31 08:20:31 utilities.go:28: Login successful
INFO 2024/10/31 08:24:09 utilities.go:28: Login successful
INFO 2024/10/31 08:28:46 utilities.go:28: Login successful
INFO 2024/10/31 08:30:17 utilities.go:28: Logout successful
INFO 2024/10/31 08:30:40 utilities.go:28: Login successful
INFO 2024/10/31 08:32:35 utilities.go:28: Login successful
INFO 2024/10/31 08:36:53 utilities.go:28: Login successful
INFO 2024/10/31 08:50:34 utilities.go:28: Login successful
INFO 2024/10/31 08:50:39 utilities.go:28: Login successful
INFO 2024/10/31 08:54:39 utilities.go:28: Login successful
INFO 2024/10/31 09:14:08 utilities.go:28: Login successful
ERROR 2024/10/31 09:41:01 utilities.go:33: Invalid username or password - pq: column f.name does not exist
ERROR 2024/10/31 09:41:05 utilities.go:33: Invalid username or password - pq: column f.name does not exist
ERROR 2024/10/31 09:41:28 utilities.go:33: Invalid username or password - pq: column f.name does not exist
ERROR 2024/10/31 09:44:09 utilities.go:33: Invalid username or password - pq: column f.name does not exist
ERROR 2024/10/31 09:48:01 utilities.go:33: Invalid username or password - pq: column f.name does not exist
INFO 2024/10/31 09:56:30 utilities.go:28: Login successful
INFO 2024/10/31 10:06:44 utilities.go:28: Login successful
INFO 2024/10/31 10:10:32 utilities.go:28: Login successful
INFO 2024/10/31 10:15:04 utilities.go:28: Login successful
INFO 2024/10/31 10:21:05 utilities.go:28: Login successful
INFO 2024/10/31 10:23:06 utilities.go:28: Login successful
INFO 2024/10/31 10:36:00 utilities.go:28: Login successful
INFO 2024/10/31 10:37:22 utilities.go:28: Login successful
INFO 2024/10/31 10:41:50 utilities.go:28: Login successful
INFO 2024/10/31 10:44:41 utilities.go:28: Login successful
INFO 2024/10/31 11:02:36 utilities.go:28: Login successful
INFO 2024/10/31 11:09:40 utilities.go:28: Login successful
INFO 2024/10/31 11:11:51 utilities.go:28: Login successful
INFO 2024/10/31 11:12:36 utilities.go:28: Login successful
INFO 2024/10/31 11:14:39 utilities.go:28: Logout successful
INFO 2024/10/31 11:14:54 utilities.go:28: Login successful
INFO 2024/10/31 11:22:52 utilities.go:28: Login successful
INFO 2024/10/31 11:26:50 utilities.go:28: Login successful
INFO 2024/10/31 11:39:03 utilities.go:28: Login successful
INFO 2024/10/31 11:41:05 utilities.go:28: Logout successful
INFO 2024/10/31 11:43:15 utilities.go:28: Login successful
INFO 2024/10/31 11:43:42 utilities.go:28: Logout successful
INFO 2024/10/31 11:48:34 utilities.go:28: Login successful
INFO 2024/10/31 11:51:09 utilities.go:28: Logout successful
INFO 2024/10/31 11:56:11 utilities.go:28: Login successful
INFO 2024/10/31 12:14:42 utilities.go:28: Login successful
INFO 2024/10/31 12:28:24 utilities.go:28: Logout successful
INFO 2024/10/31 12:28:38 utilities.go:28: Login successful
INFO 2024/10/31 12:40:27 utilities.go:28: Login successful
INFO 2024/10/31 13:03:53 utilities.go:28: Login successful
INFO 2024/10/31 13:05:07 utilities.go:28: Logout successful
INFO 2024/10/31 13:05:11 utilities.go:28: Login successful
INFO 2024/10/31 13:23:22 utilities.go:28: Login successful
INFO 2024/10/31 13:23:58 utilities.go:28: Logout successful
INFO 2024/10/31 13:24:08 utilities.go:28: Login successful
INFO 2024/10/31 13:37:02 utilities.go:28: Login successful
INFO 2024/10/31 13:48:35 utilities.go:28: Login successful
INFO 2024/10/31 13:48:46 utilities.go:28: Logout successful
INFO 2024/10/31 13:48:54 utilities.go:28: Login successful
INFO 2024/10/31 13:49:02 utilities.go:28: Logout successful
INFO 2024/10/31 13:49:06 utilities.go:28: Login successful
INFO 2024/10/31 14:23:00 utilities.go:28: Login successful
INFO 2024/10/31 15:34:43 utilities.go:28: Login successful
INFO 2024/10/31 18:56:02 utilities.go:28: Login successful
INFO 2024/10/31 19:38:11 utilities.go:28: Login successful
INFO 2024/11/01 08:00:53 utilities.go:28: Login successful
INFO 2024/11/01 08:55:42 utilities.go:28: Login successful
INFO 2024/11/01 09:07:35 utilities.go:28: Login successful
INFO 2024/11/01 09:23:33 utilities.go:28: Login successful
INFO 2024/11/01 09:24:54 utilities.go:28: Login successful
INFO 2024/11/01 09:34:30 utilities.go:28: Login successful
INFO 2024/11/01 09:35:13 utilities.go:28: Login successful
INFO 2024/11/01 09:49:02 utilities.go:28: Login successful
INFO 2024/11/01 09:59:34 utilities.go:28: Login successful
INFO 2024/11/01 12:10:43 utilities.go:28: Login successful
INFO 2024/11/01 12:50:44 utilities.go:28: Login successful
INFO 2024/11/01 13:13:48 utilities.go:28: Login successful
INFO 2024/11/01 13:23:51 utilities.go:28: Login successful
INFO 2024/11/01 13:44:50 utilities.go:28: Login successful
INFO 2024/11/01 13:47:21 utilities.go:28: Login successful
INFO 2024/11/01 14:18:34 utilities.go:28: Login successful
INFO 2024/11/01 14:53:43 utilities.go:28: Login successful
INFO 2024/11/01 15:25:08 utilities.go:28: Login successful
INFO 2024/11/02 08:13:22 utilities.go:28: Login successful
INFO 2024/11/02 09:17:54 utilities.go:28: Login successful
INFO 2024/11/04 06:57:46 utilities.go:28: Login successful
INFO 2024/11/04 07:35:49 utilities.go:28: Login successful
INFO 2024/11/04 08:07:15 utilities.go:28: Login successful
INFO 2024/11/04 08:39:30 utilities.go:28: Login successful
INFO 2024/11/11 10:47:49 utilities.go:28: Login successful
INFO 2024/11/11 11:18:50 utilities.go:28: Login successful
INFO 2024/11/11 11:49:24 utilities.go:28: Login successful
INFO 2024/11/11 12:20:03 utilities.go:28: Login successful
INFO 2024/11/11 12:52:11 utilities.go:28: Login successful
INFO 2024/11/11 13:03:23 utilities.go:28: Logout successful
INFO 2024/11/11 13:03:27 utilities.go:28: Login successful
INFO 2024/11/11 13:37:14 utilities.go:28: Login successful
INFO 2024/11/11 14:41:36 utilities.go:28: Login successful
INFO 2024/11/11 14:46:54 utilities.go:28: Login successful
INFO 2024/11/11 14:51:08 utilities.go:28: Login successful
INFO 2024/11/11 14:56:04 utilities.go:28: Login successful
INFO 2024/11/11 15:19:33 utilities.go:28: Login successful
INFO 2024/11/11 15:58:41 utilities.go:28: Login successful
INFO 2024/11/12 08:08:40 utilities.go:28: Login successful
INFO 2024/11/12 09:03:16 utilities.go:28: Login successful
INFO 2024/11/12 09:21:30 utilities.go:28: Login successful
INFO 2024/11/12 09:26:01 utilities.go:28: Login successful
INFO 2024/11/12 09:37:09 utilities.go:28: Login successful
INFO 2024/11/12 09:59:21 utilities.go:28: Login successful
INFO 2024/11/12 10:09:22 utilities.go:28: Login successful
INFO 2024/11/12 10:45:23 utilities.go:28: Login successful
INFO 2024/11/12 11:29:59 utilities.go:28: Login successful
INFO 2024/11/12 12:02:13 utilities.go:28: Login successful
INFO 2024/11/12 12:18:28 utilities.go:28: Login successful
INFO 2024/11/12 15:05:02 utilities.go:28: Login successful
INFO 2024/11/12 15:35:15 utilities.go:28: Login successful
INFO 2024/11/12 15:42:10 utilities.go:28: Logout successful
INFO 2024/11/12 15:42:14 utilities.go:28: Login successful
INFO 2024/11/12 16:21:14 utilities.go:28: Login successful
INFO 2024/11/12 17:05:56 utilities.go:28: Login successful
INFO 2024/11/12 17:13:21 utilities.go:28: Login successful
INFO 2024/11/12 17:35:09 utilities.go:28: Login successful
INFO 2024/11/12 17:37:54 utilities.go:28: Login successful
INFO 2024/11/12 18:08:05 utilities.go:28: Login successful
INFO 2024/11/12 18:10:47 utilities.go:28: Logout successful
INFO 2024/11/13 09:15:39 utilities.go:28: Login successful
INFO 2024/11/13 10:28:19 utilities.go:28: Login successful
INFO 2024/11/13 11:05:36 utilities.go:28: Login successful
INFO 2024/11/13 11:21:14 utilities.go:28: Login successful
INFO 2024/11/13 11:39:11 utilities.go:28: Login successful
INFO 2024/11/13 11:47:54 utilities.go:28: Login successful
INFO 2024/11/13 11:55:30 utilities.go:28: Login successful
INFO 2024/11/13 11:58:36 utilities.go:28: Login successful
INFO 2024/11/13 12:01:39 utilities.go:28: Login successful
INFO 2024/11/13 12:04:48 utilities.go:28: Login successful
INFO 2024/11/13 12:22:38 utilities.go:28: Login successful
INFO 2024/11/13 12:29:18 utilities.go:28: Login successful
INFO 2024/11/13 12:34:16 utilities.go:28: Login successful
INFO 2024/11/13 12:55:13 utilities.go:28: Login successful
INFO 2024/11/13 13:02:08 utilities.go:28: Login successful
INFO 2024/11/13 13:03:05 utilities.go:28: Logout successful
INFO 2024/11/13 13:03:08 utilities.go:28: Login successful
INFO 2024/11/13 13:07:50 utilities.go:28: Login successful
INFO 2024/11/13 13:26:46 utilities.go:28: Logout successful
INFO 2024/11/13 13:26:50 utilities.go:28: Login successful
INFO 2024/11/13 13:46:26 utilities.go:28: Login successful
INFO 2024/11/13 13:47:12 utilities.go:28: Logout successful
INFO 2024/11/13 13:47:16 utilities.go:28: Login successful
INFO 2024/11/13 14:12:59 utilities.go:28: Login successful
INFO 2024/11/13 14:15:32 utilities.go:28: Login successful
INFO 2024/11/13 14:19:26 utilities.go:28: Login successful
INFO 2024/11/13 14:45:00 utilities.go:28: Login successful
INFO 2024/11/15 09:46:09 utilities.go:28: Login successful
INFO 2024/11/15 11:36:16 utilities.go:28: Login successful
INFO 2024/11/15 12:12:43 utilities.go:28: Login successful
INFO 2024/11/15 12:12:58 utilities.go:28: Logout successful
INFO 2024/11/15 12:13:02 utilities.go:28: Login successful
INFO 2024/11/15 12:21:19 utilities.go:28: Logout successful
INFO 2024/11/15 12:21:23 utilities.go:28: Login successful
INFO 2024/11/15 12:51:53 utilities.go:28: Login successful
INFO 2024/11/17 11:24:09 utilities.go:28: Login successful
INFO 2024/11/17 12:23:40 utilities.go:28: Login successful
INFO 2024/11/17 12:27:30 utilities.go:28: Login successful
INFO 2024/11/17 12:32:34 utilities.go:28: Login successful
INFO 2024/11/17 12:34:50 utilities.go:28: Login successful
INFO 2024/11/17 12:42:18 utilities.go:28: Login successful
INFO 2024/11/17 13:37:55 utilities.go:28: Login successful
INFO 2024/11/17 14:11:21 utilities.go:28: Login successful
INFO 2024/11/17 14:15:48 utilities.go:28: Login successful
INFO 2024/11/17 14:18:45 utilities.go:28: Login successful
INFO 2024/11/17 14:20:36 utilities.go:28: Login successful
INFO 2024/11/17 14:23:19 utilities.go:28: Login successful
INFO 2024/11/17 14:25:30 utilities.go:28: Login successful
INFO 2024/11/17 14:35:12 utilities.go:28: Login successful
INFO 2024/11/17 14:39:31 utilities.go:28: Login successful
INFO 2024/11/17 15:09:37 utilities.go:28: Login successful
INFO 2024/11/17 15:38:52 utilities.go:28: Login successful
INFO 2024/11/17 15:40:14 utilities.go:28: Login successful
INFO 2024/11/17 15:47:55 utilities.go:28: Logout successful
INFO 2024/11/17 15:48:01 utilities.go:28: Login successful
INFO 2024/11/17 16:08:37 utilities.go:28: Logout successful
INFO 2024/11/17 16:08:41 utilities.go:28: Login successful
INFO 2024/11/17 16:19:39 utilities.go:28: Login successful
INFO 2024/11/17 16:24:49 utilities.go:28: Login successful
INFO 2024/11/17 16:33:11 utilities.go:28: Login successful
INFO 2024/11/17 16:41:45 utilities.go:28: Login successful
INFO 2024/11/17 16:54:00 utilities.go:28: Login successful
INFO 2024/11/17 16:59:42 utilities.go:28: Login successful
INFO 2024/11/17 17:09:58 utilities.go:28: Login successful
INFO 2024/11/17 17:15:54 utilities.go:28: Login successful
INFO 2024/11/17 17:18:39 utilities.go:28: Login successful
INFO 2024/11/17 17:54:22 utilities.go:28: Login successful
INFO 2024/11/17 18:08:45 utilities.go:28: Login successful
INFO 2024/11/17 18:29:53 utilities.go:28: Login successful
INFO 2024/11/17 18:31:58 utilities.go:28: Login successful
INFO 2024/11/18 09:02:12 utilities.go:28: Login successful
INFO 2024/11/18 09:06:13 utilities.go:28: Logout successful
INFO 2024/11/18 09:06:21 utilities.go:28: Login successful
INFO 2024/11/18 09:09:44 utilities.go:28: Logout successful
ERROR 2024/11/18 09:09:58 utilities.go:33: Invalid username or password -sql: no rows in result set
INFO 2024/11/18 09:10:39 utilities.go:28: Login successful
INFO 2024/11/18 09:22:16 utilities.go:28: Logout successful
INFO 2024/11/18 09:22:19 utilities.go:28: Login successful
INFO 2024/11/18 09:55:30 utilities.go:28: Login successful
INFO 2024/11/18 10:07:33 utilities.go:28: Login successful
INFO 2024/11/18 10:10:45 utilities.go:28: Login successful
INFO 2024/11/18 10:14:09 utilities.go:28: Login successful
INFO 2024/11/18 10:27:50 utilities.go:28: Login successful
INFO 2024/11/18 10:29:52 utilities.go:28: Login successful
INFO 2024/11/18 10:32:21 utilities.go:28: Login successful
INFO 2024/11/18 10:39:08 utilities.go:28: Login successful
INFO 2024/11/18 10:40:33 utilities.go:28: Login successful
INFO 2024/11/18 10:43:25 utilities.go:28: Login successful
INFO 2024/11/18 10:45:14 utilities.go:28: Login successful
INFO 2024/11/18 10:46:27 utilities.go:28: Login successful
INFO 2024/11/18 10:47:28 utilities.go:28: Login successful
INFO 2024/11/18 10:48:22 utilities.go:28: Login successful
INFO 2024/11/18 10:48:52 utilities.go:28: Logout successful
INFO 2024/11/18 10:48:57 utilities.go:28: Login successful
INFO 2024/11/18 10:49:10 utilities.go:28: Logout successful
INFO 2024/11/18 10:49:21 utilities.go:28: Login successful
INFO 2024/11/18 11:06:23 utilities.go:28: Login successful
INFO 2024/11/18 11:12:16 utilities.go:28: Login successful
INFO 2024/11/18 11:20:53 utilities.go:28: Login successful
INFO 2024/11/18 11:55:14 utilities.go:28: Login successful
INFO 2024/11/18 12:25:26 utilities.go:28: Login successful
INFO 2024/11/18 12:36:48 utilities.go:28: Login successful
INFO 2024/11/18 13:36:18 utilities.go:28: Login successful
INFO 2024/11/18 13:50:28 utilities.go:28: Login successful
INFO 2024/11/18 14:25:47 utilities.go:28: Login successful
INFO 2024/11/18 14:32:28 utilities.go:28: Login successful
INFO 2024/11/18 14:34:55 utilities.go:28: Login successful
INFO 2024/11/18 14:36:20 utilities.go:28: Login successful
INFO 2024/11/18 14:43:57 utilities.go:28: Login successful
INFO 2024/11/18 14:49:22 utilities.go:28: Login successful
INFO 2024/11/18 14:53:31 utilities.go:28: Login successful
INFO 2024/11/18 14:54:48 utilities.go:28: Login successful
INFO 2024/11/18 14:58:22 utilities.go:28: Login successful
INFO 2024/11/18 15:00:23 utilities.go:28: Login successful
INFO 2024/11/18 15:04:32 utilities.go:28: Login successful
INFO 2024/11/18 15:06:43 utilities.go:28: Login successful
INFO 2024/11/18 15:15:16 utilities.go:28: Login successful
INFO 2024/11/18 15:20:37 utilities.go:28: Login successful
INFO 2024/11/18 15:26:36 utilities.go:28: Login successful
INFO 2024/11/18 15:30:25 utilities.go:28: Login successful
INFO 2024/11/18 15:31:26 utilities.go:28: Login successful
INFO 2024/11/18 15:35:45 utilities.go:28: Login successful
INFO 2024/11/18 15:38:07 utilities.go:28: Login successful
INFO 2024/11/18 15:41:50 utilities.go:28: Login successful
INFO 2024/11/18 15:51:59 utilities.go:28: Login successful
INFO 2024/11/18 15:52:46 utilities.go:28: Login successful
INFO 2024/11/18 15:57:43 utilities.go:28: Login successful
INFO 2024/11/21 13:44:30 utilities.go:28: Login successful
INFO 2024/11/21 14:07:20 utilities.go:28: Login successful
INFO 2024/11/21 14:34:30 utilities.go:28: Login successful
INFO 2024/11/24 09:30:33 utilities.go:28: Login successful
INFO 2024/11/24 09:44:17 utilities.go:28: Login successful
INFO 2024/11/24 09:46:36 utilities.go:28: Login successful
INFO 2024/11/24 10:00:34 utilities.go:28: Login successful
INFO 2024/11/24 10:03:33 utilities.go:28: Login successful
INFO 2024/11/24 10:10:44 utilities.go:28: Login successful
INFO 2024/11/24 10:26:26 utilities.go:28: Login successful
INFO 2024/11/24 11:01:56 utilities.go:28: Login successful
INFO 2024/11/24 11:16:08 utilities.go:28: Login successful
INFO 2024/11/24 11:27:07 utilities.go:28: Login successful
INFO 2024/11/24 11:28:08 utilities.go:28: Login successful
INFO 2024/11/24 11:32:40 utilities.go:28: Login successful
INFO 2024/11/24 11:35:11 utilities.go:28: Login successful
INFO 2024/11/24 11:49:14 utilities.go:28: Login successful
INFO 2024/11/24 12:16:03 utilities.go:28: Logout successful
INFO 2024/11/24 12:17:15 utilities.go:28: Login successful
INFO 2024/11/24 12:17:59 utilities.go:28: Logout successful
INFO 2024/11/24 12:19:06 utilities.go:28: Login successful
INFO 2024/11/24 12:26:52 utilities.go:28: Logout successful
INFO 2024/11/24 12:26:57 utilities.go:28: Login successful
INFO 2024/11/24 12:27:19 utilities.go:28: Logout successful
INFO 2024/11/24 12:27:23 utilities.go:28: Login successful
INFO 2024/11/24 12:40:26 utilities.go:28: Login successful
INFO 2024/11/24 12:40:49 utilities.go:28: Logout successful
INFO 2024/11/24 12:41:02 utilities.go:28: Login successful
INFO 2024/11/24 12:46:28 utilities.go:28: Logout successful
INFO 2024/11/24 12:46:32 utilities.go:28: Login successful
INFO 2024/11/24 12:49:44 utilities.go:28: Logout successful
INFO 2024/11/24 12:49:49 utilities.go:28: Login successful
INFO 2024/11/24 12:56:00 utilities.go:28: Logout successful
INFO 2024/11/24 12:56:17 utilities.go:28: Login successful
INFO 2024/11/24 13:06:49 utilities.go:28: Logout successful
INFO 2024/11/24 13:17:33 utilities.go:28: Login successful
INFO 2024/11/24 14:05:33 utilities.go:28: Login successful
INFO 2024/11/24 14:26:27 utilities.go:28: Login successful
INFO 2024/11/24 14:31:56 utilities.go:28: Login successful
INFO 2024/11/24 15:04:15 utilities.go:28: Login successful
INFO 2024/11/24 15:23:19 utilities.go:28: Login successful
INFO 2024/11/24 15:28:41 utilities.go:28: Login successful
INFO 2024/11/24 15:55:27 utilities.go:28: Login successful
INFO 2024/11/24 16:14:08 utilities.go:28: Login successful
INFO 2024/11/24 16:24:44 utilities.go:28: Login successful
INFO 2024/11/24 16:56:22 utilities.go:28: Login successful
INFO 2024/11/24 17:18:38 utilities.go:28: Login successful
INFO 2024/11/25 10:22:56 utilities.go:28: Login successful
INFO 2024/11/25 10:23:29 utilities.go:28: Logout successful
INFO 2024/11/25 10:23:33 utilities.go:28: Login successful
INFO 2024/11/25 10:24:05 utilities.go:28: Logout successful
INFO 2024/11/25 10:24:09 utilities.go:28: Login successful
INFO 2024/11/25 11:15:06 utilities.go:28: Login successful
INFO 2024/11/25 11:45:19 utilities.go:28: Login successful
INFO 2024/11/25 12:17:38 utilities.go:28: Login successful
INFO 2024/11/25 12:50:01 utilities.go:28: Login successful
INFO 2024/11/25 13:20:10 utilities.go:28: Login successful
INFO 2024/11/25 13:50:32 utilities.go:28: Login successful
INFO 2024/11/25 14:23:16 utilities.go:28: Login successful
INFO 2024/11/25 14:37:33 utilities.go:28: Login successful
INFO 2024/11/25 14:40:28 utilities.go:28: Login successful
INFO 2024/11/25 14:51:37 utilities.go:28: Login successful
INFO 2024/11/25 14:56:23 utilities.go:28: Login successful
INFO 2024/11/25 15:09:52 utilities.go:28: Login successful
INFO 2024/11/25 15:16:32 utilities.go:28: Login successful
INFO 2024/11/25 15:18:32 utilities.go:28: Login successful
INFO 2024/11/25 15:19:47 utilities.go:28: Login successful
INFO 2024/11/25 15:45:34 utilities.go:28: Login successful
INFO 2024/11/25 16:41:25 utilities.go:28: Login successful
INFO 2024/11/25 16:55:43 utilities.go:28: Login successful
INFO 2024/11/25 16:57:56 utilities.go:28: Login successful
INFO 2024/11/25 16:58:57 utilities.go:28: Login successful
INFO 2024/11/25 17:00:27 utilities.go:28: Login successful
INFO 2024/11/25 17:17:00 utilities.go:28: Login successful
INFO 2024/11/25 17:41:41 utilities.go:28: Login successful
INFO 2024/11/26 10:13:54 utilities.go:28: Login successful
INFO 2024/11/26 11:26:01 utilities.go:28: Login successful
INFO 2024/11/26 11:48:45 utilities.go:28: Login successful
INFO 2024/11/26 12:12:04 utilities.go:28: Login successful
INFO 2024/11/26 12:15:17 utilities.go:28: Login successful
INFO 2024/11/26 12:20:38 utilities.go:28: Login successful
INFO 2024/11/26 14:31:42 utilities.go:28: Login successful
INFO 2024/11/26 14:33:19 utilities.go:28: Login successful
INFO 2024/11/26 14:49:55 utilities.go:28: Login successful
INFO 2024/11/26 15:19:38 utilities.go:28: Login successful
INFO 2024/11/26 15:24:20 utilities.go:28: Login successful
INFO 2024/11/26 15:48:02 utilities.go:28: Login successful
INFO 2024/11/26 15:54:29 utilities.go:28: Login successful
INFO 2024/11/26 15:59:56 utilities.go:28: Login successful
INFO 2024/11/26 16:02:58 utilities.go:28: Login successful
INFO 2024/11/26 16:03:58 utilities.go:28: Login successful
INFO 2024/11/26 16:11:15 utilities.go:28: Login successful
INFO 2024/11/26 16:15:56 utilities.go:28: Login successful
INFO 2024/11/26 16:19:10 utilities.go:28: Login successful
INFO 2024/11/26 16:20:26 utilities.go:28: Login successful
INFO 2024/11/26 16:23:01 utilities.go:28: Login successful
INFO 2024/11/26 16:23:45 utilities.go:28: Login successful
INFO 2024/11/26 16:24:47 utilities.go:28: Login successful
INFO 2024/11/26 16:28:24 utilities.go:28: Login successful
INFO 2024/11/26 16:31:16 utilities.go:28: Login successful
INFO 2024/11/26 16:33:43 utilities.go:28: Login successful
INFO 2024/11/26 16:52:35 utilities.go:28: Login successful
INFO 2024/11/26 16:57:00 utilities.go:28: Login successful
INFO 2024/11/26 16:59:19 utilities.go:28: Login successful
INFO 2024/11/27 07:58:24 utilities.go:28: Login successful
INFO 2024/11/27 08:03:13 utilities.go:28: Login successful
INFO 2024/11/27 08:24:18 utilities.go:28: Login successful
INFO 2024/11/27 08:28:55 utilities.go:28: Login successful
INFO 2024/11/27 08:56:36 utilities.go:28: Login successful
INFO 2024/11/27 08:58:33 utilities.go:28: Login successful
INFO 2024/11/27 09:03:09 utilities.go:28: Login successful
INFO 2024/11/27 09:20:43 utilities.go:28: Login successful
INFO 2024/11/27 09:23:22 utilities.go:28: Login successful
INFO 2024/11/27 09:25:03 utilities.go:28: Login successful
INFO 2024/11/27 09:36:58 utilities.go:28: Login successful
INFO 2024/11/27 09:38:44 utilities.go:28: Login successful
INFO 2024/11/27 09:48:35 utilities.go:28: Login successful
INFO 2024/11/27 09:50:47 utilities.go:28: Login successful
INFO 2024/11/27 09:54:53 utilities.go:28: Login successful
INFO 2024/11/27 10:29:32 utilities.go:28: Login successful
INFO 2024/11/27 11:05:46 utilities.go:28: Login successful
INFO 2024/11/27 11:45:46 utilities.go:28: Login successful
INFO 2024/11/28 08:42:12 utilities.go:28: Login successful
INFO 2024/11/28 11:19:51 utilities.go:28: Login successful
INFO 2024/12/02 09:59:37 utilities.go:28: Login successful
INFO 2024/12/02 10:30:17 utilities.go:28: Login successful
INFO 2024/12/02 10:31:32 utilities.go:28: Login successful
INFO 2024/12/02 10:38:09 utilities.go:28: Login successful
INFO 2024/12/02 11:01:43 utilities.go:28: Login successful
INFO 2024/12/02 11:05:00 utilities.go:28: Login successful
INFO 2024/12/02 11:05:59 utilities.go:28: Login successful
INFO 2024/12/02 11:07:04 utilities.go:28: Login successful
INFO 2024/12/02 11:12:19 utilities.go:28: Login successful
INFO 2024/12/02 11:19:53 utilities.go:28: Login successful
INFO 2024/12/02 11:21:26 utilities.go:28: Logout successful
INFO 2024/12/02 11:21:30 utilities.go:28: Login successful
INFO 2024/12/02 11:21:39 utilities.go:28: Logout successful
INFO 2024/12/02 11:21:43 utilities.go:28: Login successful
INFO 2024/12/02 11:24:32 utilities.go:28: Logout successful
INFO 2024/12/02 11:24:37 utilities.go:28: Login successful
INFO 2024/12/02 11:28:45 utilities.go:28: Login successful
INFO 2024/12/02 11:31:37 utilities.go:28: Login successful
INFO 2024/12/02 11:33:37 utilities.go:28: Login successful
INFO 2024/12/02 11:40:29 utilities.go:28: Login successful
INFO 2024/12/02 12:12:53 utilities.go:28: Login successful
INFO 2024/12/02 12:42:54 utilities.go:28: Login successful
INFO 2024/12/02 12:44:46 utilities.go:28: Login successful
INFO 2024/12/02 12:50:15 utilities.go:28: Login successful
INFO 2024/12/02 12:51:18 utilities.go:28: Login successful
INFO 2024/12/02 13:17:57 utilities.go:28: Login successful
INFO 2024/12/02 13:29:41 utilities.go:28: Login successful
INFO 2024/12/02 13:32:16 utilities.go:28: Login successful
INFO 2024/12/02 13:33:54 utilities.go:28: Login successful
INFO 2024/12/02 13:36:17 utilities.go:28: Login successful
INFO 2024/12/02 13:38:05 utilities.go:28: Login successful
INFO 2024/12/02 13:43:18 utilities.go:28: Login successful
INFO 2024/12/02 13:46:53 utilities.go:28: Login successful
INFO 2024/12/02 13:49:13 utilities.go:28: Login successful
INFO 2024/12/02 14:36:45 utilities.go:28: Login successful
INFO 2024/12/02 15:13:27 utilities.go:28: Login successful
INFO 2024/12/02 15:14:09 utilities.go:28: Logout successful
INFO 2024/12/02 15:14:18 utilities.go:28: Login successful
INFO 2024/12/02 15:21:01 utilities.go:28: Logout successful
INFO 2024/12/02 15:21:10 utilities.go:28: Login successful
INFO 2024/12/04 09:53:13 utilities.go:28: Login successful
INFO 2024/12/04 10:21:32 utilities.go:28: Login successful
INFO 2024/12/04 10:48:34 utilities.go:28: Login successful
INFO 2024/12/04 11:22:05 utilities.go:28: Login successful
INFO 2024/12/04 11:39:57 utilities.go:28: Login successful
INFO 2024/12/04 11:45:15 utilities.go:28: Login successful
INFO 2024/12/04 12:15:34 utilities.go:28: Login successful
INFO 2024/12/04 12:29:53 utilities.go:28: Login successful
INFO 2024/12/04 12:44:27 utilities.go:28: Login successful
INFO 2024/12/04 13:09:47 utilities.go:28: Logout successful
INFO 2024/12/04 13:10:27 utilities.go:28: Login successful
INFO 2024/12/04 14:55:08 utilities.go:28: Login successful
INFO 2024/12/04 15:54:31 utilities.go:28: Login successful
INFO 2024/12/04 16:00:03 utilities.go:28: Login successful
INFO 2024/12/04 16:05:54 utilities.go:28: Login successful
INFO 2024/12/04 16:08:31 utilities.go:28: Login successful
INFO 2024/12/04 16:29:49 utilities.go:28: Login successful
INFO 2024/12/04 16:38:47 utilities.go:28: Login successful
INFO 2024/12/04 16:54:00 utilities.go:28: Login successful
INFO 2024/12/04 17:44:41 utilities.go:28: Login successful
INFO 2024/12/12 09:31:15 utilities.go:28: Login successful
INFO 2024/12/12 11:55:24 utilities.go:28: Login successful
INFO 2024/12/12 12:19:44 utilities.go:28: Login successful
INFO 2024/12/12 12:41:16 utilities.go:28: Login successful
INFO 2024/12/12 12:57:47 utilities.go:28: Login successful
INFO 2024/12/12 13:01:58 utilities.go:28: Login successful
INFO 2024/12/12 13:05:46 utilities.go:28: Login successful
INFO 2024/12/12 13:07:49 utilities.go:28: Login successful
INFO 2024/12/12 13:12:16 utilities.go:28: Login successful
INFO 2024/12/12 13:14:42 utilities.go:28: Login successful
INFO 2024/12/12 13:27:57 utilities.go:28: Login successful
INFO 2024/12/12 13:32:31 utilities.go:28: Login successful
INFO 2024/12/12 13:34:47 utilities.go:28: Login successful
INFO 2024/12/12 13:36:18 utilities.go:28: Login successful
INFO 2024/12/12 13:39:13 utilities.go:28: Login successful
INFO 2024/12/12 14:23:14 utilities.go:28: Login successful
INFO 2024/12/12 14:54:24 utilities.go:28: Login successful
INFO 2024/12/12 15:02:09 utilities.go:28: Login successful
INFO 2024/12/12 15:36:06 utilities.go:28: Login successful
INFO 2024/12/12 15:45:52 utilities.go:28: Login successful
INFO 2024/12/12 15:49:11 utilities.go:28: Login successful
INFO 2024/12/12 15:54:51 utilities.go:28: Login successful
INFO 2024/12/12 16:19:01 utilities.go:28: Login successful
INFO 2024/12/13 09:34:43 utilities.go:28: Login successful
INFO 2024/12/13 10:00:06 utilities.go:28: Login successful
INFO 2024/12/13 10:01:09 utilities.go:28: Login successful
INFO 2024/12/13 10:49:35 utilities.go:28: Login successful
INFO 2024/12/13 10:56:02 utilities.go:28: Login successful
INFO 2024/12/13 11:03:44 utilities.go:28: Login successful
INFO 2024/12/13 11:36:16 utilities.go:28: Login successful
INFO 2024/12/13 12:06:22 utilities.go:28: Login successful
INFO 2024/12/13 12:38:49 utilities.go:28: Login successful
INFO 2024/12/13 13:14:01 utilities.go:28: Login successful
INFO 2024/12/13 13:44:25 utilities.go:28: Login successful
INFO 2024/12/13 14:18:16 utilities.go:28: Login successful
INFO 2024/12/13 14:48:57 utilities.go:28: Login successful
INFO 2024/12/13 14:55:23 utilities.go:28: Login successful
INFO 2024/12/13 15:14:48 utilities.go:28: Login successful
INFO 2024/12/13 15:16:30 utilities.go:28: Login successful
INFO 2024/12/13 15:49:04 utilities.go:28: Login successful
INFO 2024/12/13 16:19:39 utilities.go:28: Login successful
INFO 2024/12/13 16:49:46 utilities.go:28: Login successful
INFO 2024/12/13 17:21:01 utilities.go:28: Login successful
INFO 2024/12/15 10:07:33 utilities.go:28: Login successful
INFO 2024/12/15 10:09:25 utilities.go:28: Logout successful
INFO 2024/12/15 10:09:28 utilities.go:28: Login successful
INFO 2024/12/15 10:09:34 utilities.go:28: Logout successful
INFO 2024/12/15 10:09:39 utilities.go:28: Login successful
INFO 2024/12/15 10:11:05 utilities.go:28: Logout successful
INFO 2024/12/15 10:11:11 utilities.go:28: Login successful
INFO 2024/12/15 10:27:07 utilities.go:28: Login successful
INFO 2024/12/15 11:03:30 utilities.go:28: Login successful
INFO 2024/12/15 11:06:26 utilities.go:28: Login successful
INFO 2024/12/15 11:35:18 utilities.go:28: Login successful
INFO 2024/12/15 11:36:02 utilities.go:28: Login successful
INFO 2024/12/15 11:38:42 utilities.go:28: Login successful
INFO 2024/12/15 11:41:13 utilities.go:28: Login successful
INFO 2024/12/15 11:58:57 utilities.go:28: Login successful
INFO 2024/12/15 12:11:08 utilities.go:28: Login successful
INFO 2024/12/15 12:14:40 utilities.go:28: Login successful
INFO 2024/12/15 13:08:18 utilities.go:28: Login successful
INFO 2024/12/15 14:00:41 utilities.go:28: Login successful
INFO 2024/12/15 14:01:49 utilities.go:28: Login successful
INFO 2024/12/15 14:20:30 utilities.go:28: Login successful
INFO 2024/12/15 14:21:34 utilities.go:28: Login successful
INFO 2024/12/15 14:22:34 utilities.go:28: Login successful
INFO 2024/12/15 14:23:24 utilities.go:28: Login successful
INFO 2024/12/15 14:53:54 utilities.go:28: Login successful
INFO 2024/12/15 15:24:18 utilities.go:28: Login successful
INFO 2024/12/15 15:27:00 utilities.go:28: Login successful
INFO 2024/12/15 15:56:03 utilities.go:28: Login successful
INFO 2024/12/15 15:57:52 utilities.go:28: Login successful
INFO 2024/12/15 16:13:41 utilities.go:28: Login successful
INFO 2024/12/15 16:14:24 utilities.go:28: Login successful
INFO 2024/12/15 16:26:13 utilities.go:28: Login successful
INFO 2024/12/15 16:27:08 utilities.go:28: Login successful
INFO 2024/12/15 16:32:52 utilities.go:28: Login successful
INFO 2024/12/15 17:14:26 utilities.go:28: Login successful
INFO 2024/12/15 17:17:44 utilities.go:28: Login successful
INFO 2024/12/15 17:21:04 utilities.go:28: Login successful
INFO 2024/12/15 17:22:11 utilities.go:28: Login successful
INFO 2024/12/15 17:36:37 utilities.go:28: Login successful
INFO 2024/12/15 17:37:48 utilities.go:28: Login successful
INFO 2024/12/15 17:50:44 utilities.go:28: Login successful
INFO 2024/12/15 17:57:07 utilities.go:28: Login successful
INFO 2024/12/15 18:06:13 utilities.go:28: Login successful
INFO 2024/12/15 18:41:36 utilities.go:28: Login successful
INFO 2024/12/15 18:58:18 utilities.go:28: Login successful
INFO 2024/12/15 19:00:45 utilities.go:28: Login successful
INFO 2024/12/15 19:01:30 utilities.go:28: Login successful
INFO 2024/12/15 19:11:05 utilities.go:28: Login successful
INFO 2024/12/15 19:15:19 utilities.go:28: Login successful
INFO 2024/12/15 19:33:34 utilities.go:28: Login successful
INFO 2024/12/15 19:41:51 utilities.go:28: Login successful
INFO 2024/12/15 19:43:15 utilities.go:28: Login successful
INFO 2024/12/15 20:02:57 utilities.go:28: Login successful
INFO 2024/12/15 20:14:23 utilities.go:28: Login successful
INFO 2024/12/16 08:10:51 utilities.go:28: Login successful
INFO 2024/12/16 08:43:40 utilities.go:28: Login successful
INFO 2024/12/16 08:46:58 utilities.go:28: Login successful
INFO 2024/12/16 09:36:11 utilities.go:28: Login successful
INFO 2024/12/16 09:42:07 utilities.go:28: Login successful
INFO 2024/12/16 09:50:08 utilities.go:28: Login successful
INFO 2024/12/16 09:57:48 utilities.go:28: Login successful
INFO 2024/12/16 10:17:32 utilities.go:28: Login successful
INFO 2024/12/16 10:26:55 utilities.go:28: Login successful
INFO 2024/12/16 10:37:54 utilities.go:28: Login successful
INFO 2024/12/16 10:49:46 utilities.go:28: Login successful
INFO 2024/12/16 10:54:59 utilities.go:28: Login successful
INFO 2024/12/16 11:11:29 utilities.go:28: Login successful
INFO 2024/12/16 11:12:49 utilities.go:28: Login successful
INFO 2024/12/16 11:14:31 utilities.go:28: Login successful
INFO 2024/12/16 11:22:27 utilities.go:28: Login successful
INFO 2024/12/16 11:24:27 utilities.go:28: Login successful
INFO 2024/12/16 11:25:35 utilities.go:28: Login successful
INFO 2024/12/16 11:29:04 utilities.go:28: Login successful
INFO 2024/12/16 11:39:37 utilities.go:28: Login successful
INFO 2024/12/16 11:40:30 utilities.go:28: Login successful
INFO 2024/12/16 11:59:42 utilities.go:28: Login successful
INFO 2024/12/16 12:02:14 utilities.go:28: Login successful
INFO 2024/12/16 12:16:21 utilities.go:28: Login successful
INFO 2024/12/16 12:28:59 utilities.go:28: Login successful
INFO 2024/12/16 12:40:21 utilities.go:28: Login successful
INFO 2024/12/16 13:11:39 utilities.go:28: Login successful
INFO 2024/12/16 13:12:47 utilities.go:28: Login successful
INFO 2024/12/16 13:18:24 utilities.go:28: Login successful
INFO 2024/12/16 14:26:59 utilities.go:28: Login successful
INFO 2024/12/16 14:41:50 utilities.go:28: Login successful
INFO 2024/12/16 14:50:35 utilities.go:28: Login successful
INFO 2024/12/16 15:23:52 utilities.go:28: Login successful
INFO 2024/12/16 15:41:06 utilities.go:28: Login successful
INFO 2024/12/16 15:52:52 utilities.go:28: Login successful
INFO 2024/12/16 15:55:42 utilities.go:28: Login successful
INFO 2024/12/16 16:08:47 utilities.go:28: Login successful
INFO 2024/12/16 16:30:36 utilities.go:28: Login successful
INFO 2024/12/16 16:32:06 utilities.go:28: Login successful
INFO 2024/12/16 16:39:57 utilities.go:28: Login successful
INFO 2024/12/16 16:44:21 utilities.go:28: Login successful
INFO 2024/12/16 16:45:42 utilities.go:28: Login successful
INFO 2024/12/16 16:49:05 utilities.go:28: Login successful
INFO 2024/12/16 17:36:51 utilities.go:28: Login successful
INFO 2024/12/16 18:08:25 utilities.go:28: Login successful
INFO 2024/12/16 18:40:02 utilities.go:28: Login successful
INFO 2024/12/17 09:00:36 utilities.go:28: Login successful
INFO 2024/12/17 09:39:31 utilities.go:28: Login successful
INFO 2024/12/17 09:43:07 utilities.go:28: Login successful
INFO 2024/12/17 10:27:46 utilities.go:28: Login successful
INFO 2024/12/17 11:01:09 utilities.go:28: Login successful
INFO 2024/12/17 11:32:06 utilities.go:28: Login successful
INFO 2024/12/17 11:59:17 utilities.go:28: Login successful
INFO 2024/12/17 13:49:46 utilities.go:28: Login successful
INFO 2024/12/17 14:22:33 utilities.go:28: Login successful
INFO 2024/12/17 15:01:11 utilities.go:28: Login successful
INFO 2024/12/17 15:31:29 utilities.go:28: Login successful
INFO 2024/12/17 15:33:56 utilities.go:28: Logout successful
INFO 2024/12/17 15:48:23 utilities.go:28: Login successful
INFO 2024/12/17 16:03:24 utilities.go:28: Logout successful
INFO 2024/12/17 16:03:38 utilities.go:28: Login successful
INFO 2024/12/17 16:04:42 utilities.go:28: Logout successful
INFO 2024/12/17 16:04:50 utilities.go:28: Login successful
INFO 2024/12/18 09:06:41 utilities.go:28: Login successful
INFO 2024/12/18 09:11:57 utilities.go:28: Login successful
INFO 2024/12/18 09:12:04 utilities.go:28: Logout successful
INFO 2024/12/18 09:12:09 utilities.go:28: Login successful
INFO 2024/12/18 09:15:21 utilities.go:28: Login successful
INFO 2024/12/18 09:25:22 utilities.go:28: Login successful
INFO 2024/12/18 09:27:55 utilities.go:28: Login successful
INFO 2024/12/18 09:29:47 utilities.go:28: Login successful
INFO 2024/12/18 09:34:51 utilities.go:28: Login successful
INFO 2024/12/18 09:35:59 utilities.go:28: Login successful
INFO 2024/12/18 09:39:20 utilities.go:28: Login successful
INFO 2024/12/18 09:44:51 utilities.go:28: Login successful
INFO 2024/12/18 09:48:01 utilities.go:28: Login successful
INFO 2024/12/18 09:49:37 utilities.go:28: Login successful
INFO 2024/12/18 09:54:07 utilities.go:28: Login successful
INFO 2024/12/18 09:55:02 utilities.go:28: Login successful
INFO 2024/12/18 09:58:54 utilities.go:28: Login successful
INFO 2024/12/18 10:10:27 utilities.go:28: Logout successful
INFO 2024/12/18 10:10:31 utilities.go:28: Login successful
INFO 2024/12/18 10:38:00 utilities.go:28: Login successful
INFO 2024/12/18 10:40:23 utilities.go:28: Login successful
INFO 2024/12/18 10:58:58 utilities.go:28: Logout successful
INFO 2024/12/18 10:59:06 utilities.go:28: Login successful
INFO 2024/12/18 11:10:59 utilities.go:28: Login successful
INFO 2024/12/18 11:45:21 utilities.go:28: Login successful
INFO 2024/12/18 12:03:05 utilities.go:28: Login successful
INFO 2024/12/18 12:04:21 utilities.go:28: Login successful
INFO 2024/12/18 12:30:44 utilities.go:28: Login successful
INFO 2024/12/18 12:44:43 utilities.go:28: Login successful
INFO 2024/12/18 13:12:25 utilities.go:28: Login successful
INFO 2024/12/18 13:25:36 utilities.go:28: Login successful
INFO 2024/12/18 13:27:50 utilities.go:28: Login successful
INFO 2024/12/18 13:31:36 utilities.go:28: Login successful
INFO 2024/12/18 13:35:01 utilities.go:28: Login successful
INFO 2024/12/18 13:39:16 utilities.go:28: Login successful
INFO 2024/12/18 13:41:36 utilities.go:28: Login successful
INFO 2024/12/18 13:59:37 utilities.go:28: Login successful
INFO 2024/12/18 15:02:12 utilities.go:28: Login successful
INFO 2024/12/18 15:17:34 utilities.go:28: Login successful
INFO 2024/12/18 15:19:01 utilities.go:28: Login successful
INFO 2024/12/18 15:19:35 utilities.go:28: Login successful
INFO 2024/12/18 15:59:39 utilities.go:28: Login successful
INFO 2024/12/18 16:16:55 utilities.go:28: Login successful
INFO 2024/12/18 16:35:31 utilities.go:28: Login successful
INFO 2024/12/18 16:46:18 utilities.go:28: Login successful
INFO 2024/12/20 08:33:53 utilities.go:28: Login successful
INFO 2024/12/20 09:13:29 utilities.go:28: Login successful
INFO 2024/12/20 09:16:32 utilities.go:28: Login successful
INFO 2024/12/20 09:18:41 utilities.go:28: Login successful
INFO 2024/12/20 09:19:50 utilities.go:28: Login successful
INFO 2024/12/20 09:25:11 utilities.go:28: Logout successful
INFO 2024/12/20 09:25:15 utilities.go:28: Login successful
INFO 2024/12/20 09:30:06 utilities.go:28: Logout successful
ERROR 2024/12/20 09:30:24 utilities.go:33: Invalid username or password -sql: no rows in result set
INFO 2024/12/20 09:30:57 utilities.go:28: Login successful
INFO 2024/12/20 09:45:18 utilities.go:28: Login successful
INFO 2024/12/20 09:45:46 utilities.go:28: Logout successful
INFO 2024/12/20 09:45:50 utilities.go:28: Login successful
INFO 2024/12/20 09:48:59 utilities.go:28: Logout successful
ERROR 2024/12/20 09:49:05 utilities.go:33: Invalid username or password -sql: no rows in result set
INFO 2024/12/20 09:49:27 utilities.go:28: Login successful
INFO 2024/12/20 09:50:47 utilities.go:28: Login successful
INFO 2024/12/20 10:00:45 utilities.go:28: Login successful
INFO 2024/12/20 10:02:22 utilities.go:28: Login successful
INFO 2024/12/20 10:06:12 utilities.go:28: Login successful
INFO 2024/12/20 10:09:19 utilities.go:28: Login successful
INFO 2024/12/20 10:11:07 utilities.go:28: Login successful
INFO 2024/12/20 10:12:04 utilities.go:28: Logout successful
INFO 2024/12/20 10:12:08 utilities.go:28: Login successful
INFO 2024/12/20 10:25:00 utilities.go:28: Login successful
INFO 2024/12/20 10:25:29 utilities.go:28: Login successful
INFO 2024/12/20 10:36:17 utilities.go:28: Logout successful
INFO 2024/12/20 10:36:20 utilities.go:28: Login successful
INFO 2024/12/20 10:38:00 utilities.go:28: Login successful
INFO 2024/12/20 10:47:28 utilities.go:28: Login successful
INFO 2024/12/20 10:49:10 utilities.go:28: Login successful
INFO 2024/12/20 10:50:27 utilities.go:28: Login successful
INFO 2024/12/20 10:52:27 utilities.go:28: Login successful
INFO 2024/12/20 10:56:24 utilities.go:28: Logout successful
INFO 2024/12/20 10:56:27 utilities.go:28: Login successful
INFO 2024/12/20 10:58:42 utilities.go:28: Logout successful
INFO 2024/12/20 10:58:47 utilities.go:28: Login successful
INFO 2024/12/20 11:07:00 utilities.go:28: Login successful
INFO 2024/12/20 11:34:45 utilities.go:28: Login successful
INFO 2024/12/20 11:53:12 utilities.go:28: Login successful
INFO 2024/12/20 12:01:36 utilities.go:28: Login successful
INFO 2024/12/20 12:01:42 utilities.go:28: Logout successful
INFO 2024/12/20 12:01:47 utilities.go:28: Login successful
INFO 2024/12/20 12:02:50 utilities.go:28: Logout successful
INFO 2024/12/20 12:18:05 utilities.go:28: Login successful
INFO 2024/12/20 12:18:48 utilities.go:28: Logout successful
INFO 2024/12/20 12:18:55 utilities.go:28: Login successful
INFO 2024/12/20 12:19:04 utilities.go:28: Logout successful
INFO 2024/12/20 12:19:17 utilities.go:28: Login successful
INFO 2024/12/20 12:47:37 utilities.go:28: Logout successful
INFO 2024/12/20 12:48:02 utilities.go:28: Login successful
INFO 2024/12/23 12:58:44 utilities.go:28: Login successful
INFO 2025/01/15 08:37:15 utilities.go:28: Login successful
INFO 2025/01/15 08:39:22 utilities.go:28: Logout successful
INFO 2025/01/15 08:39:32 utilities.go:28: Login successful
INFO 2025/01/15 10:01:29 utilities.go:28: Login successful
INFO 2025/01/15 10:36:32 utilities.go:28: Login successful
INFO 2025/01/15 11:07:03 utilities.go:28: Login successful
INFO 2025/01/15 11:39:24 utilities.go:28: Login successful
INFO 2025/01/15 11:40:35 utilities.go:28: Logout successful
INFO 2025/01/15 11:40:42 utilities.go:28: Login successful
INFO 2025/01/15 11:55:02 utilities.go:28: Logout successful
INFO 2025/01/15 11:55:25 utilities.go:28: Login successful
INFO 2025/01/15 11:55:41 utilities.go:28: Logout successful
INFO 2025/01/15 11:55:47 utilities.go:28: Login successful
INFO 2025/01/15 11:56:12 utilities.go:28: Logout successful
INFO 2025/01/15 11:57:15 utilities.go:28: Login successful
INFO 2025/01/15 11:59:35 utilities.go:28: Logout successful
INFO 2025/01/15 11:59:39 utilities.go:28: Login successful
INFO 2025/01/15 13:40:50 utilities.go:28: Login successful
INFO 2025/01/15 14:01:01 utilities.go:28: Logout successful
INFO 2025/01/15 14:01:05 utilities.go:28: Login successful
INFO 2025/01/15 14:01:18 utilities.go:28: Logout successful
INFO 2025/01/15 14:01:25 utilities.go:28: Login successful
INFO 2025/01/15 15:00:44 utilities.go:28: Login successful
INFO 2025/01/15 15:00:53 utilities.go:28: Logout successful
INFO 2025/01/15 15:01:05 utilities.go:28: Login successful
INFO 2025/01/15 15:02:39 utilities.go:28: Logout successful
INFO 2025/01/15 15:02:45 utilities.go:28: Login successful
INFO 2025/01/15 15:03:10 utilities.go:28: Logout successful
INFO 2025/01/15 15:03:17 utilities.go:28: Login successful
INFO 2025/01/15 15:04:19 utilities.go:28: Logout successful
INFO 2025/01/15 15:04:23 utilities.go:28: Login successful
INFO 2025/01/15 15:23:14 utilities.go:28: Login successful
INFO 2025/01/15 15:35:25 utilities.go:28: Logout successful
INFO 2025/01/15 15:35:29 utilities.go:28: Login successful
INFO 2025/01/15 15:36:17 utilities.go:28: Login successful
INFO 2025/01/16 10:55:55 utilities.go:28: Login successful
INFO 2025/01/16 10:59:20 utilities.go:28: Login successful
INFO 2025/01/16 11:01:45 utilities.go:28: Login successful
INFO 2025/01/16 11:03:51 utilities.go:28: Login successful
INFO 2025/01/16 11:05:13 utilities.go:28: Login successful
INFO 2025/01/16 11:06:51 utilities.go:28: Logout successful
INFO 2025/01/16 11:06:56 utilities.go:28: Login successful
INFO 2025/01/16 11:08:19 utilities.go:28: Logout successful
INFO 2025/01/16 11:08:22 utilities.go:28: Login successful
INFO 2025/01/16 11:19:39 utilities.go:28: Logout successful
INFO 2025/01/16 11:19:44 utilities.go:28: Login successful
INFO 2025/01/16 11:31:15 utilities.go:28: Logout successful
INFO 2025/01/16 11:31:20 utilities.go:28: Login successful
INFO 2025/01/16 11:32:23 utilities.go:28: Logout successful
INFO 2025/01/16 11:32:27 utilities.go:28: Login successful
INFO 2025/01/16 12:06:03 utilities.go:28: Login successful
INFO 2025/01/16 12:15:38 utilities.go:28: Logout successful
INFO 2025/01/16 12:15:41 utilities.go:28: Login successful
INFO 2025/01/16 12:26:42 utilities.go:28: Logout successful
INFO 2025/01/16 12:26:45 utilities.go:28: Login successful
INFO 2025/01/16 12:41:03 utilities.go:28: Logout successful
INFO 2025/01/16 12:41:07 utilities.go:28: Login successful
INFO 2025/01/16 13:14:57 utilities.go:28: Login successful
INFO 2025/01/16 13:49:52 utilities.go:28: Login successful
INFO 2025/01/16 13:51:40 utilities.go:28: Logout successful
INFO 2025/01/16 13:51:44 utilities.go:28: Login successful
INFO 2025/01/16 13:52:48 utilities.go:28: Logout successful
INFO 2025/01/16 13:53:04 utilities.go:28: Login successful
INFO 2025/01/16 13:56:45 utilities.go:28: Logout successful
INFO 2025/01/16 13:58:58 utilities.go:28: Login successful
INFO 2025/01/16 13:59:52 utilities.go:28: Logout successful
INFO 2025/01/16 14:00:02 utilities.go:28: Login successful
INFO 2025/01/16 14:00:22 utilities.go:28: Logout successful
INFO 2025/01/16 14:00:28 utilities.go:28: Login successful
INFO 2025/01/16 14:00:36 utilities.go:28: Logout successful
INFO 2025/01/16 14:00:48 utilities.go:28: Login successful
INFO 2025/01/16 14:31:38 utilities.go:28: Login successful
INFO 2025/01/16 14:40:05 utilities.go:28: Login successful
INFO 2025/01/16 14:48:58 utilities.go:28: Login successful
INFO 2025/01/16 14:50:25 utilities.go:28: Logout successful
INFO 2025/01/16 14:50:30 utilities.go:28: Login successful
INFO 2025/01/16 14:52:00 utilities.go:28: Logout successful
INFO 2025/01/16 14:52:08 utilities.go:28: Login successful
INFO 2025/01/16 15:03:38 utilities.go:28: Logout successful
INFO 2025/01/16 15:03:47 utilities.go:28: Login successful
INFO 2025/01/16 16:10:31 utilities.go:28: Login successful
INFO 2025/01/16 16:11:45 utilities.go:28: Logout successful
INFO 2025/01/16 16:11:59 utilities.go:28: Login successful
INFO 2025/01/29 18:47:42 utilities.go:28: Login successful
INFO 2025/01/29 18:52:04 utilities.go:28: Logout successful
INFO 2025/01/29 18:52:11 utilities.go:28: Login successful
INFO 2025/01/29 19:26:22 utilities.go:28: Login successful
INFO 2025/01/29 19:44:30 utilities.go:28: Login successful
INFO 2025/01/29 19:52:52 utilities.go:28: Login successful
INFO 2025/01/29 19:56:47 utilities.go:28: Logout successful
INFO 2025/01/29 19:57:28 utilities.go:28: Login successful
INFO 2025/01/29 19:57:55 utilities.go:28: Logout successful
INFO 2025/01/29 19:57:59 utilities.go:28: Login successful
INFO 2025/01/29 19:58:21 utilities.go:28: Logout successful
INFO 2025/01/29 19:58:25 utilities.go:28: Login successful
INFO 2025/01/29 19:58:37 utilities.go:28: Logout successful
INFO 2025/01/29 19:58:42 utilities.go:28: Login successful
INFO 2025/01/29 20:03:41 utilities.go:28: Logout successful
INFO 2025/01/29 20:03:48 utilities.go:28: Login successful
INFO 2025/01/29 20:04:03 utilities.go:28: Logout successful
INFO 2025/01/29 20:04:08 utilities.go:28: Login successful
INFO 2025/01/29 20:04:31 utilities.go:28: Logout successful
INFO 2025/01/29 20:04:37 utilities.go:28: Login successful
INFO 2025/01/29 20:07:59 utilities.go:28: Login successful
INFO 2025/01/29 20:11:59 utilities.go:28: Logout successful
INFO 2025/01/29 20:12:05 utilities.go:28: Login successful
INFO 2025/01/29 20:13:13 utilities.go:28: Logout successful
INFO 2025/01/29 20:13:16 utilities.go:28: Login successful
INFO 2025/01/29 20:15:47 utilities.go:28: Logout successful
INFO 2025/01/29 20:15:51 utilities.go:28: Login successful
INFO 2025/01/29 20:19:27 utilities.go:28: Logout successful
INFO 2025/01/29 20:19:32 utilities.go:28: Login successful
INFO 2025/01/29 20:20:03 utilities.go:28: Logout successful
INFO 2025/01/29 20:20:07 utilities.go:28: Login successful
INFO 2025/01/29 20:56:37 utilities.go:28: Login successful
INFO 2025/01/29 21:05:32 utilities.go:28: Logout successful
INFO 2025/01/29 21:05:37 utilities.go:28: Login successful
INFO 2025/01/29 21:08:52 utilities.go:28: Logout successful
INFO 2025/01/29 21:08:56 utilities.go:28: Login successful
INFO 2025/01/29 21:18:47 utilities.go:28: Login successful
INFO 2025/01/29 21:23:20 utilities.go:28: Logout successful
INFO 2025/01/29 21:23:28 utilities.go:28: Login successful
INFO 2025/01/29 21:25:57 utilities.go:28: Logout successful
INFO 2025/01/30 08:54:31 utilities.go:28: Login successful
INFO 2025/01/30 09:25:41 utilities.go:28: Login successful
INFO 2025/01/30 09:27:06 utilities.go:28: Login successful
INFO 2025/01/30 09:43:55 utilities.go:28: Login successful
INFO 2025/01/30 09:46:24 utilities.go:28: Login successful
INFO 2025/01/30 09:48:39 utilities.go:28: Login successful
INFO 2025/01/30 09:50:28 utilities.go:28: Login successful
INFO 2025/01/30 10:01:02 utilities.go:28: Login successful
INFO 2025/01/30 10:08:23 utilities.go:28: Login successful
INFO 2025/01/30 10:11:19 utilities.go:28: Login successful
INFO 2025/01/30 10:13:43 utilities.go:28: Login successful
INFO 2025/01/30 10:31:32 utilities.go:28: Login successful
INFO 2025/01/30 10:33:18 utilities.go:28: Login successful
INFO 2025/01/30 10:36:11 utilities.go:28: Login successful
INFO 2025/01/30 10:56:45 utilities.go:28: Login successful
INFO 2025/01/30 11:03:42 utilities.go:28: Login successful
INFO 2025/01/30 11:04:30 utilities.go:28: Login successful
INFO 2025/01/30 11:14:54 utilities.go:28: Login successful
INFO 2025/01/30 11:19:32 utilities.go:28: Login successful
INFO 2025/01/30 11:33:20 utilities.go:28: Login successful
INFO 2025/01/30 11:35:27 utilities.go:28: Logout successful
INFO 2025/01/30 11:35:37 utilities.go:28: Login successful
INFO 2025/01/30 11:36:08 utilities.go:28: Login successful
INFO 2025/01/30 11:36:36 utilities.go:28: Login successful
INFO 2025/01/30 11:40:25 utilities.go:28: Login successful
INFO 2025/01/30 11:40:50 utilities.go:28: Login successful
INFO 2025/01/30 11:54:24 utilities.go:28: Login successful
INFO 2025/01/30 12:29:19 utilities.go:28: Login successful
INFO 2025/01/30 12:42:04 utilities.go:28: Login successful
INFO 2025/01/30 12:43:34 utilities.go:28: Login successful
INFO 2025/01/30 12:48:49 utilities.go:28: Login successful
INFO 2025/01/30 13:01:14 utilities.go:28: Login successful
INFO 2025/01/30 13:10:53 utilities.go:28: Login successful
INFO 2025/01/30 13:41:07 utilities.go:28: Login successful
INFO 2025/01/30 13:54:46 utilities.go:28: Login successful
INFO 2025/01/30 13:57:54 utilities.go:28: Login successful
INFO 2025/01/30 14:08:44 utilities.go:28: Login successful
INFO 2025/01/30 14:09:57 utilities.go:28: Login successful
INFO 2025/01/30 14:13:44 utilities.go:28: Login successful
INFO 2025/01/30 14:14:50 utilities.go:28: Login successful
INFO 2025/01/30 14:25:47 utilities.go:28: Login successful
INFO 2025/01/30 14:27:06 utilities.go:28: Login successful
INFO 2025/01/30 14:36:34 utilities.go:28: Login successful
INFO 2025/01/30 14:40:48 utilities.go:28: Login successful
INFO 2025/01/30 14:43:11 utilities.go:28: Login successful
INFO 2025/01/30 14:50:45 utilities.go:28: Login successful
INFO 2025/01/30 14:53:17 utilities.go:28: Login successful
INFO 2025/01/30 14:55:10 utilities.go:28: Login successful
INFO 2025/01/30 15:01:38 utilities.go:28: Login successful
INFO 2025/01/30 15:02:31 utilities.go:28: Login successful
INFO 2025/01/30 15:04:15 utilities.go:28: Login successful
INFO 2025/01/30 15:05:33 utilities.go:28: Login successful
INFO 2025/01/30 15:08:01 utilities.go:28: Login successful
INFO 2025/01/30 15:10:21 utilities.go:28: Login successful
INFO 2025/01/30 15:14:22 utilities.go:28: Logout successful
INFO 2025/01/30 15:14:27 utilities.go:28: Login successful
INFO 2025/01/30 15:19:30 utilities.go:28: Logout successful
INFO 2025/01/30 15:19:37 utilities.go:28: Login successful
INFO 2025/01/30 15:19:53 utilities.go:28: Logout successful
INFO 2025/01/30 15:22:52 utilities.go:28: Login successful
INFO 2025/01/30 15:23:57 utilities.go:28: Login successful
INFO 2025/01/30 15:24:21 utilities.go:28: Login successful
INFO 2025/01/30 18:01:14 utilities.go:28: Login successful
INFO 2025/01/30 18:03:42 utilities.go:28: Login successful
