ERROR 2026/04/16 17:34:09 utilities.go:65: pq: password authentication failed for user "postgres" Cannot reach db
ERROR 2026/04/16 17:34:09 utilities.go:65: Failed to open database
INFO 2026/04/16 18:26:05 utilities.go:60: starting server on 0.0.0.0:8081
ERROR 2026/04/16 18:26:23 utilities.go:65: error querying user count: pq: relation "users" does not exist
ERROR 2026/04/16 18:26:37 utilities.go:65: Invalid username or password -pq: relation "clinician_app.users" does not exist
ERROR 2026/04/16 18:26:37 utilities.go:65: error querying user count: pq: relation "users" does not exist
ERROR 2026/04/16 18:28:16 utilities.go:65: error querying user count: pq: relation "users" does not exist
INFO 2026/04/16 18:45:44 utilities.go:60: starting server on 0.0.0.0:8081
ERROR 2026/04/16 18:45:47 utilities.go:65: error querying user count: pq: relation "users" does not exist
ERROR 2026/04/16 18:45:54 utilities.go:65: Invalid username or password -pq: relation "clinician_app.users" does not exist
ERROR 2026/04/16 18:45:54 utilities.go:65: error querying user count: pq: relation "users" does not exist
ERROR 2026/04/16 18:46:05 utilities.go:65: Invalid username or password -pq: relation "clinician_app.users" does not exist
ERROR 2026/04/16 18:46:05 utilities.go:65: error querying user count: pq: relation "users" does not exist
INFO 2026/04/16 18:46:32 utilities.go:60: starting server on 0.0.0.0:8081
ERROR 2026/04/16 18:46:43 utilities.go:65: error querying user count: pq: relation "users" does not exist
ERROR 2026/04/16 18:46:50 utilities.go:65: Invalid username or password -pq: relation "clinician_app.users" does not exist
ERROR 2026/04/16 18:46:50 utilities.go:65: error querying user count: pq: relation "users" does not exist
ERROR 2026/04/16 18:52:33 utilities.go:65: required table clinician_app.users was not found; run cliniciandb/moh-clinician-app-db.sql and then cliniciandb/moh-clinician-app-seed.sql against the database configured in .env
ERROR 2026/04/16 18:54:51 utilities.go:65: required table clinician_app.users was not found; run cliniciandb/moh-clinician-app-db.sql and then cliniciandb/moh-clinician-app-seed.sql against the database configured in .env
ERROR 2026/04/16 18:58:26 utilities.go:65: pq: password authentication failed for user "warehouse" Cannot reach db
ERROR 2026/04/16 18:58:26 utilities.go:65: Failed to open database
ERROR 2026/04/16 18:58:43 utilities.go:65: pq: password authentication failed for user "warehouse" Cannot reach db
ERROR 2026/04/16 18:58:43 utilities.go:65: Failed to open database
INFO 2026/04/16 18:59:41 utilities.go:60: starting server on 0.0.0.0:8081
INFO 2026/04/16 18:59:54 utilities.go:60: Login successful
INFO 2026/04/16 19:08:09 utilities.go:60: starting server on 0.0.0.0:8081
INFO 2026/04/16 19:08:29 utilities.go:60: Login successful
INFO 2026/04/16 19:14:13 utilities.go:60: Logout successful
INFO 2026/04/16 19:14:19 utilities.go:60: Login successful
INFO 2026/04/16 19:56:32 utilities.go:60: Login successful
INFO 2026/04/16 20:33:19 utilities.go:60: Login successful
INFO 2026/04/16 20:38:52 utilities.go:60: starting server on 0.0.0.0:8081
INFO 2026/04/16 20:39:01 utilities.go:60: Login successful
INFO 2026/04/16 20:54:51 utilities.go:60: starting server on 0.0.0.0:8081
ERROR 2026/04/16 20:55:23 utilities.go:65: Invalid username or password -sql: no rows in result set
ERROR 2026/04/16 20:55:37 utilities.go:65: Invalid username or password -sql: no rows in result set
